<?xml version="1.0" encoding="UTF-8"?>
<testsuite xmlns:xsi="http://www.w3.org/2001/XMLSchema-instance" xsi:noNamespaceSchemaLocation="https://maven.apache.org/surefire/maven-surefire-plugin/xsd/surefire-test-report.xsd" version="3.0.2" name="com.example.demo.BajajProjectApplicationTests" time="3.563" tests="1" errors="0" skipped="0" failures="0">
  <properties>
[...]
</properties>
  <testcase name="contextLoads" classname="com.example.demo.BajajProjectApplicationTests" time="0.658">
    <system-out><![CDATA[16:47:23.387 [main] INFO org.springframework.test.context.support.AnnotationConfigContextLoaderUtils -- Could not detect default configuration classes for test class [com.example.demo.BajajProjectApplicationTests]: BajajProjectApplicationTests does not declare any static, non-private, non-final, nested classes annotated with @Configuration.
16:47:23.486 [main] INFO org.springframework.boot.test.context.SpringBootTestContextBootstrapper -- Found @SpringBootConfiguration com.example.demo.BajajProjectApplication for test class com.example.demo.BajajProjectApplicationTests

  .   ____          _            __ _ _
 /\\ / ___'_ __ _ _(_)_ __  __ _ \ \ \ \
( ( )\___ | '_ | '_| | '_ \/ _` | \ \ \ \
 \\/  ___)| |_)| | | | | || (_| |  ) ) ) )
  '  |____| .__|_| |_|_| |_\__, | / / / /
 =========|_|==============|___/=/_/_/_/

 :: Spring Boot ::                (v3.5.8)

2025-12-01T16:47:23.995+05:30  INFO 21840 --- [Bajaj project] [           main] c.e.demo.BajajProjectApplicationTests    : Starting BajajProjectApplicationTests using Java 17.0.15 with PID 21840 (started by shrey in C:\Users\shrey\Downloads\demo\demo)
2025-12-01T16:47:23.995+05:30  INFO 21840 --- [Bajaj project] [           main] c.e.demo.BajajProjectApplicationTests    : No active profile set, falling back to 1 default profile: "default"
2025-12-01T16:47:25.515+05:30  INFO 21840 --- [Bajaj project] [           main] c.e.demo.BajajProjectApplicationTests    : Started BajajProjectApplicationTests in 1.843 seconds (process running for 2.712)
Webhook: https://bfhldevapigw.healthrx.co.in/hiring/testWebhook/JAVA
Access Token: eyJhbGciOiJIUzI1NiJ9.eyJyZWdObyI6IjIyQkNFMzgxOCIsIm5hbWUiOiJTaHJleWEgR3VwdGEiLCJlbWFpbCI6InNocmV5YTMyMGd1cHRhQGdtYWlsLmNvbSIsInN1YiI6IndlYmhvb2stdXNlciIsImlhdCI6MTc2NDU4Nzg0NSwiZXhwIjoxNzY0NTg4NzQ1fQ.Arbenj2T_-87X8XGmph0kY3syKgL1xSwH1Rd68G0ig4
Submission response: 200 OK
Body: {"success":true,"message":"Webhook processed successfully"}
]]></system-out>
  </testcase>
</testsuite>